[debug] [2022-08-05T20:14:41.379Z] ----------------------------------------------------------------------
[debug] [2022-08-05T20:14:41.382Z] Command:       C:\Program Files\nodejs\node.exe C:\Users\krishna\AppData\Roaming\npm\node_modules\firebase-tools\lib\bin\firebase.js emulators:start
[debug] [2022-08-05T20:14:41.383Z] CLI Version:   11.4.0
[debug] [2022-08-05T20:14:41.383Z] Platform:      win32
[debug] [2022-08-05T20:14:41.383Z] Node Version:  v18.6.0
[debug] [2022-08-05T20:14:41.384Z] Time:          Sat Aug 06 2022 01:44:41 GMT+0530 (India Standard Time)
[debug] [2022-08-05T20:14:41.384Z] ----------------------------------------------------------------------
[debug] 
[debug] [2022-08-05T20:14:41.470Z] > command requires scopes: ["email","openid","https://www.googleapis.com/auth/cloudplatformprojects.readonly","https://www.googleapis.com/auth/firebase","https://www.googleapis.com/auth/cloud-platform"]
[debug] [2022-08-05T20:14:41.471Z] > authorizing via signed-in user (ritabrata720@gmail.com)
[info] i  emulators: Starting emulators: functions {"metadata":{"emulator":{"name":"hub"},"message":"Starting emulators: functions"}}
[debug] [2022-08-05T20:14:41.580Z] [hub] writing locator at C:\Users\krishna\AppData\Local\Temp\hub-clone-e24da.json
[warn] !  functions: The following emulators are not running, calls to these services from the Functions emulator will affect production: auth, firestore, database, hosting, pubsub, storage {"metadata":{"emulator":{"name":"functions"},"message":"The following emulators are not running, calls to these services from the Functions emulator will affect production: \u001b[1mauth, firestore, database, hosting, pubsub, storage\u001b[22m"}}
[warn] !  Your requested "node" version "16" doesn't match your global version "18". Using node@18 from host. {"metadata":{"emulator":{"name":"functions"},"message":"Your requested \"node\" version \"16\" doesn't match your global version \"18\". Using node@18 from host."}}
[debug] [2022-08-05T20:14:41.627Z] defaultcredentials: writing to file C:\Users\krishna\AppData\Roaming\firebase\ritabrata720_gmail_com_application_default_credentials.json
[debug] [2022-08-05T20:14:41.632Z] Setting GAC to C:\Users\krishna\AppData\Roaming\firebase\ritabrata720_gmail_com_application_default_credentials.json {"metadata":{"emulator":{"name":"functions"},"message":"Setting GAC to C:\\Users\\krishna\\AppData\\Roaming\\firebase\\ritabrata720_gmail_com_application_default_credentials.json"}}
[debug] [2022-08-05T20:14:41.638Z] >>> [apiv2][query] GET https://firebase.googleapis.com/v1beta1/projects/clone-e24da/adminSdkConfig [none]
[debug] [2022-08-05T20:14:42.292Z] <<< [apiv2][status] GET https://firebase.googleapis.com/v1beta1/projects/clone-e24da/adminSdkConfig 200
[debug] [2022-08-05T20:14:42.293Z] <<< [apiv2][body] GET https://firebase.googleapis.com/v1beta1/projects/clone-e24da/adminSdkConfig {"projectId":"clone-e24da","storageBucket":"clone-e24da.appspot.com","locationId":"us-central"}
[warn] !  ui: Emulator UI unable to start on port 4000, starting on 4001 instead. {"metadata":{"emulator":{"name":"ui"},"message":"Emulator UI unable to start on port 4000, starting on 4001 instead."}}
[debug] [2022-08-05T20:14:42.612Z] Ignoring unsupported arg: auto_download {"metadata":{"emulator":{"name":"ui"},"message":"Ignoring unsupported arg: auto_download"}}
[debug] [2022-08-05T20:14:42.613Z] Ignoring unsupported arg: port {"metadata":{"emulator":{"name":"ui"},"message":"Ignoring unsupported arg: port"}}
[debug] [2022-08-05T20:14:42.613Z] Starting Emulator UI with command {"binary":"node","args":["C:\\Users\\krishna\\.cache\\firebase\\emulators\\ui-v1.8.1\\server\\server.js"],"optionalArgs":[],"joinArgs":false} {"metadata":{"emulator":{"name":"ui"},"message":"Starting Emulator UI with command {\"binary\":\"node\",\"args\":[\"C:\\\\Users\\\\krishna\\\\.cache\\\\firebase\\\\emulators\\\\ui-v1.8.1\\\\server\\\\server.js\"],\"optionalArgs\":[],\"joinArgs\":false}"}}
[info] i  ui: Emulator UI logging to ui-debug.log {"metadata":{"emulator":{"name":"ui"},"message":"Emulator UI logging to \u001b[1mui-debug.log\u001b[22m"}}
[debug] [2022-08-05T20:14:42.865Z] Web / API server started at localhost:4001
 {"metadata":{"emulator":{"name":"ui"},"message":"Web / API server started at localhost:4001\n"}}
[info] i  functions: Watching "D:\Projects\React Projects\Amazonclone\my-amazon\functions" for Cloud Functions... {"metadata":{"emulator":{"name":"functions"},"message":"Watching \"D:\\Projects\\React Projects\\Amazonclone\\my-amazon\\functions\" for Cloud Functions..."}}
[debug] [2022-08-05T20:14:42.895Z] Validating nodejs source
[debug] [2022-08-05T20:14:46.616Z] > [functions] package.json contents: {
  "name": "functions",
  "description": "Cloud Functions for Firebase",
  "scripts": {
    "lint": "eslint .",
    "serve": "firebase emulators:start --only functions",
    "shell": "firebase functions:shell",
    "start": "npm run shell",
    "deploy": "firebase deploy --only functions",
    "logs": "firebase functions:log"
  },
  "engines": {
    "node": "16"
  },
  "main": "index.js",
  "dependencies": {
    "@stripe/react-stripe-js": "^1.10.0",
    "@stripe/stripe-js": "^1.35.0",
    "cors": "^2.8.5",
    "express": "^4.18.1",
    "firebase-admin": "^10.0.2",
    "firebase-functions": "^3.18.0",
    "stripe": "^10.0.0"
  },
  "devDependencies": {
    "eslint": "^8.9.0",
    "eslint-config-google": "^0.14.0",
    "firebase-functions-test": "^0.2.0"
  },
  "private": true
}
[debug] [2022-08-05T20:14:46.616Z] Building nodejs source
[debug] [2022-08-05T20:14:46.616Z] Analyzing nodejs backend spec
[debug] [2022-08-05T20:14:46.618Z] Could not find functions.yaml. Must use http discovery
[debug] [2022-08-05T20:14:46.944Z] Serving at port 9005

[debug] [2022-08-05T20:14:47.123Z] Got response from /__/functions.yaml {"endpoints":{"app":{"platform":"gcfv1","httpsTrigger":{},"entryPoint":"app"}},"specVersion":"v1alpha1","requiredAPIs":[]}
[debug] [2022-08-05T20:14:47.136Z] shutdown requested via /__/quitquitquit

[info] +  functions[us-central1-app]: http function initialized (http://localhost:5001/clone-e24da/us-central1/app). {"metadata":{"emulator":{"name":"functions"},"message":"\u001b[1mhttp\u001b[22m function initialized (http://localhost:5001/clone-e24da/us-central1/app)."}}
[info] 
┌─────────────────────────────────────────────────────────────┐
│ ✔  All emulators ready! It is now safe to connect your app. │
│ i  View Emulator UI at http://localhost:4001                │
└─────────────────────────────────────────────────────────────┘

┌───────────┬────────────────┬─────────────────────────────────┐
│ Emulator  │ Host:Port      │ View in Emulator UI             │
├───────────┼────────────────┼─────────────────────────────────┤
│ Functions │ localhost:5001 │ http://localhost:4001/functions │
└───────────┴────────────────┴─────────────────────────────────┘
  Emulator Hub running at localhost:4400
  Other reserved ports: 4500

Issues? Report them at https://github.com/firebase/firebase-tools/issues and attach the *-debug.log files.
 
[debug] [2022-08-05T20:15:02.317Z] File D:\Projects\React Projects\Amazonclone\my-amazon\functions\index.js changed, reloading triggers {"metadata":{"emulator":{"name":"functions"},"message":"File D:\\Projects\\React Projects\\Amazonclone\\my-amazon\\functions\\index.js changed, reloading triggers"}}
[debug] [2022-08-05T20:15:03.328Z] Validating nodejs source
[debug] [2022-08-05T20:15:07.007Z] > [functions] package.json contents: {
  "name": "functions",
  "description": "Cloud Functions for Firebase",
  "scripts": {
    "lint": "eslint .",
    "serve": "firebase emulators:start --only functions",
    "shell": "firebase functions:shell",
    "start": "npm run shell",
    "deploy": "firebase deploy --only functions",
    "logs": "firebase functions:log"
  },
  "engines": {
    "node": "16"
  },
  "main": "index.js",
  "dependencies": {
    "@stripe/react-stripe-js": "^1.10.0",
    "@stripe/stripe-js": "^1.35.0",
    "cors": "^2.8.5",
    "express": "^4.18.1",
    "firebase-admin": "^10.0.2",
    "firebase-functions": "^3.18.0",
    "stripe": "^10.0.0"
  },
  "devDependencies": {
    "eslint": "^8.9.0",
    "eslint-config-google": "^0.14.0",
    "firebase-functions-test": "^0.2.0"
  },
  "private": true
}
[debug] [2022-08-05T20:15:07.008Z] Building nodejs source
[debug] [2022-08-05T20:15:07.008Z] Analyzing nodejs backend spec
[debug] [2022-08-05T20:15:07.008Z] Could not find functions.yaml. Must use http discovery
[debug] [2022-08-05T20:15:07.024Z] File D:\Projects\React Projects\Amazonclone\my-amazon\functions\index.js changed, reloading triggers {"metadata":{"emulator":{"name":"functions"},"message":"File D:\\Projects\\React Projects\\Amazonclone\\my-amazon\\functions\\index.js changed, reloading triggers"}}
[debug] [2022-08-05T20:15:07.386Z] Serving at port 9005

[debug] [2022-08-05T20:15:07.573Z] Got response from /__/functions.yaml {"endpoints":{"api":{"platform":"gcfv1","httpsTrigger":{},"entryPoint":"api"}},"specVersion":"v1alpha1","requiredAPIs":[]}
[debug] [2022-08-05T20:15:07.582Z] shutdown requested via /__/quitquitquit

[info] +  functions[us-central1-api]: http function initialized (http://localhost:5001/clone-e24da/us-central1/api). {"metadata":{"emulator":{"name":"functions"},"message":"\u001b[1mhttp\u001b[22m function initialized (http://localhost:5001/clone-e24da/us-central1/api)."}}
[debug] [2022-08-05T20:15:08.034Z] Validating nodejs source
[debug] [2022-08-05T20:15:11.712Z] > [functions] package.json contents: {
  "name": "functions",
  "description": "Cloud Functions for Firebase",
  "scripts": {
    "lint": "eslint .",
    "serve": "firebase emulators:start --only functions",
    "shell": "firebase functions:shell",
    "start": "npm run shell",
    "deploy": "firebase deploy --only functions",
    "logs": "firebase functions:log"
  },
  "engines": {
    "node": "16"
  },
  "main": "index.js",
  "dependencies": {
    "@stripe/react-stripe-js": "^1.10.0",
    "@stripe/stripe-js": "^1.35.0",
    "cors": "^2.8.5",
    "express": "^4.18.1",
    "firebase-admin": "^10.0.2",
    "firebase-functions": "^3.18.0",
    "stripe": "^10.0.0"
  },
  "devDependencies": {
    "eslint": "^8.9.0",
    "eslint-config-google": "^0.14.0",
    "firebase-functions-test": "^0.2.0"
  },
  "private": true
}
[debug] [2022-08-05T20:15:11.712Z] Building nodejs source
[debug] [2022-08-05T20:15:11.712Z] Analyzing nodejs backend spec
[debug] [2022-08-05T20:15:11.713Z] Could not find functions.yaml. Must use http discovery
[debug] [2022-08-05T20:15:12.024Z] Serving at port 9005

[debug] [2022-08-05T20:15:12.180Z] Got response from /__/functions.yaml {"endpoints":{"api":{"platform":"gcfv1","httpsTrigger":{},"entryPoint":"api"}},"specVersion":"v1alpha1","requiredAPIs":[]}
[debug] [2022-08-05T20:15:12.186Z] shutdown requested via /__/quitquitquit

[debug] [2022-08-05T20:15:47.538Z] ----------------------------------------------------------------------
[debug] [2022-08-05T20:15:47.542Z] Command:       C:\Program Files\nodejs\node.exe C:\Users\krishna\AppData\Roaming\npm\node_modules\firebase-tools\lib\bin\firebase.js emulators:start
[debug] [2022-08-05T20:15:47.542Z] CLI Version:   11.4.0
[debug] [2022-08-05T20:15:47.543Z] Platform:      win32
[debug] [2022-08-05T20:15:47.543Z] Node Version:  v18.6.0
[debug] [2022-08-05T20:15:47.544Z] Time:          Sat Aug 06 2022 01:45:47 GMT+0530 (India Standard Time)
[debug] [2022-08-05T20:15:47.544Z] ----------------------------------------------------------------------
[debug] 
[debug] [2022-08-05T20:15:47.637Z] > command requires scopes: ["email","openid","https://www.googleapis.com/auth/cloudplatformprojects.readonly","https://www.googleapis.com/auth/firebase","https://www.googleapis.com/auth/cloud-platform"]
[debug] [2022-08-05T20:15:47.637Z] > authorizing via signed-in user (ritabrata720@gmail.com)
[info] i  emulators: Starting emulators: functions {"metadata":{"emulator":{"name":"hub"},"message":"Starting emulators: functions"}}
[warn] !  emulators: It seems that you are running multiple instances of the emulator suite for project clone-e24da. This may result in unexpected behavior. 
[debug] [2022-08-05T20:15:47.721Z] [hub] writing locator at C:\Users\krishna\AppData\Local\Temp\hub-clone-e24da.json
[warn] !  functions: The following emulators are not running, calls to these services from the Functions emulator will affect production: auth, firestore, database, hosting, pubsub, storage {"metadata":{"emulator":{"name":"functions"},"message":"The following emulators are not running, calls to these services from the Functions emulator will affect production: \u001b[1mauth, firestore, database, hosting, pubsub, storage\u001b[22m"}}
[warn] !  Your requested "node" version "16" doesn't match your global version "18". Using node@18 from host. {"metadata":{"emulator":{"name":"functions"},"message":"Your requested \"node\" version \"16\" doesn't match your global version \"18\". Using node@18 from host."}}
[debug] [2022-08-05T20:15:47.786Z] defaultcredentials: writing to file C:\Users\krishna\AppData\Roaming\firebase\ritabrata720_gmail_com_application_default_credentials.json
[debug] [2022-08-05T20:15:47.790Z] Setting GAC to C:\Users\krishna\AppData\Roaming\firebase\ritabrata720_gmail_com_application_default_credentials.json {"metadata":{"emulator":{"name":"functions"},"message":"Setting GAC to C:\\Users\\krishna\\AppData\\Roaming\\firebase\\ritabrata720_gmail_com_application_default_credentials.json"}}
[debug] [2022-08-05T20:15:47.794Z] >>> [apiv2][query] GET https://firebase.googleapis.com/v1beta1/projects/clone-e24da/adminSdkConfig [none]
[debug] [2022-08-05T20:15:48.539Z] <<< [apiv2][status] GET https://firebase.googleapis.com/v1beta1/projects/clone-e24da/adminSdkConfig 200
[debug] [2022-08-05T20:15:48.540Z] <<< [apiv2][body] GET https://firebase.googleapis.com/v1beta1/projects/clone-e24da/adminSdkConfig {"projectId":"clone-e24da","storageBucket":"clone-e24da.appspot.com","locationId":"us-central"}
[warn] !  ui: Emulator UI unable to start on port 4000, starting on 4002 instead. {"metadata":{"emulator":{"name":"ui"},"message":"Emulator UI unable to start on port 4000, starting on 4002 instead."}}
[debug] [2022-08-05T20:15:48.596Z] Ignoring unsupported arg: auto_download {"metadata":{"emulator":{"name":"ui"},"message":"Ignoring unsupported arg: auto_download"}}
[debug] [2022-08-05T20:15:48.597Z] Ignoring unsupported arg: port {"metadata":{"emulator":{"name":"ui"},"message":"Ignoring unsupported arg: port"}}
[debug] [2022-08-05T20:15:48.597Z] Starting Emulator UI with command {"binary":"node","args":["C:\\Users\\krishna\\.cache\\firebase\\emulators\\ui-v1.8.1\\server\\server.js"],"optionalArgs":[],"joinArgs":false} {"metadata":{"emulator":{"name":"ui"},"message":"Starting Emulator UI with command {\"binary\":\"node\",\"args\":[\"C:\\\\Users\\\\krishna\\\\.cache\\\\firebase\\\\emulators\\\\ui-v1.8.1\\\\server\\\\server.js\"],\"optionalArgs\":[],\"joinArgs\":false}"}}
[info] i  ui: Emulator UI logging to ui-debug.log {"metadata":{"emulator":{"name":"ui"},"message":"Emulator UI logging to \u001b[1mui-debug.log\u001b[22m"}}
[debug] [2022-08-05T20:15:48.808Z] Web / API server started at localhost:4002
 {"metadata":{"emulator":{"name":"ui"},"message":"Web / API server started at localhost:4002\n"}}
[info] i  functions: Watching "D:\Projects\React Projects\Amazonclone\my-amazon\functions" for Cloud Functions... {"metadata":{"emulator":{"name":"functions"},"message":"Watching \"D:\\Projects\\React Projects\\Amazonclone\\my-amazon\\functions\" for Cloud Functions..."}}
[debug] [2022-08-05T20:15:48.876Z] Validating nodejs source
[debug] [2022-08-05T20:15:52.357Z] > [functions] package.json contents: {
  "name": "functions",
  "description": "Cloud Functions for Firebase",
  "scripts": {
    "lint": "eslint .",
    "serve": "firebase emulators:start --only functions",
    "shell": "firebase functions:shell",
    "start": "npm run shell",
    "deploy": "firebase deploy --only functions",
    "logs": "firebase functions:log"
  },
  "engines": {
    "node": "16"
  },
  "main": "index.js",
  "dependencies": {
    "@stripe/react-stripe-js": "^1.10.0",
    "@stripe/stripe-js": "^1.35.0",
    "cors": "^2.8.5",
    "express": "^4.18.1",
    "firebase-admin": "^10.0.2",
    "firebase-functions": "^3.18.0",
    "stripe": "^10.0.0"
  },
  "devDependencies": {
    "eslint": "^8.9.0",
    "eslint-config-google": "^0.14.0",
    "firebase-functions-test": "^0.2.0"
  },
  "private": true
}
[debug] [2022-08-05T20:15:52.358Z] Building nodejs source
[debug] [2022-08-05T20:15:52.358Z] Analyzing nodejs backend spec
[debug] [2022-08-05T20:15:52.359Z] Could not find functions.yaml. Must use http discovery
